--- FAIL: TestLandscape (0.00s)
    landscape_test.go:14: 
        	Error Trace:	landscape_test.go:14
        	Error:      	Not equal: 
        	            	expected: 25
        	            	actual  : 0
        	Test:       	TestLandscape
    landscape_test.go:15: 
        	Error Trace:	landscape_test.go:15
        	Error:      	Not equal: 
        	            	expected: 6
        	            	actual  : 0
        	Test:       	TestLandscape
--- FAIL: TestLandscapeColumn (0.00s)
    landscape_test.go:22: 
        	Error Trace:	landscape_test.go:22
        	Error:      	Not equal: 
        	            	expected: 22
        	            	actual  : 0
        	Test:       	TestLandscapeColumn
--- FAIL: TestLandscapeRow (0.00s)
    landscape_test.go:29: 
        	Error Trace:	landscape_test.go:29
        	Error:      	Not equal: 
        	            	expected: 12
        	            	actual  : 0
        	Test:       	TestLandscapeRow
--- FAIL: TestFind (0.00s)
    saddle_points_test.go:23: 
        	Error Trace:	saddle_points_test.go:23
        	Error:      	"[{%!s(int=1) %!s(int=4)} {%!s(int=1) %!s(int=2)} {%!s(int=3) %!s(int=1)} {%!s(int=0) %!s(int=4)} {%!s(int=2) %!s(int=2)} {%!s(int=2) %!s(int=3)} {%!s(int=4) %!s(int=1)} {%!s(int=4) %!s(int=4)} {%!s(int=1) %!s(int=3)} {%!s(int=0) %!s(int=3)} {%!s(int=4) %!s(int=3)} {%!s(int=1) %!s(int=1)} {%!s(int=2) %!s(int=1)} {%!s(int=4) %!s(int=2)} {%!s(int=3) %!s(int=2)} {%!s(int=3) %!s(int=4)} {%!s(int=0) %!s(int=2)} {%!s(int=2) %!s(int=4)} {%!s(int=3) %!s(int=3)} {%!s(int=0) %!s(int=1)}]" should have 2 item(s), but has 20
        	Test:       	TestFind
FAIL
exit status 1
FAIL	_/sandbox	0.003s
